This is pdfTeX, Version 3.14159265-2.6-1.40.15 (MiKTeX 2.9 64-bit) (preloaded format=pdflatex 2015.7.9)  30 MAR 2016 15:12
entering extended mode
**final.tex
(final.tex
LaTeX2e <2014/05/01>
Babel <3.9l> and hyphenation patterns for 6 languages loaded.
("C:\Program Files\MiKTeX 2.9\tex\latex\base\report.cls"
Document Class: report 2014/09/29 v1.4h Standard LaTeX document class
("C:\Program Files\MiKTeX 2.9\tex\latex\base\size11.clo"
File: size11.clo 2014/09/29 v1.4h Standard LaTeX file (size option)
)
\c@part=\count79
\c@chapter=\count80
\c@section=\count81
\c@subsection=\count82
\c@subsubsection=\count83
\c@paragraph=\count84
\c@subparagraph=\count85
\c@figure=\count86
\c@table=\count87
\abovecaptionskip=\skip41
\belowcaptionskip=\skip42
\bibindent=\dimen102
)
("C:\Program Files\MiKTeX 2.9\tex\latex\a4wide\a4wide.sty"
Package: a4wide 1994/08/30

("C:\Program Files\MiKTeX 2.9\tex\latex\ntgclass\a4.sty"
Package: a4 2004/04/15 v1.2g A4 based page layout
))
("C:\Program Files\MiKTeX 2.9\tex\latex\graphics\graphicx.sty"
Package: graphicx 2014/10/28 v1.0g Enhanced LaTeX Graphics (DPC,SPQR)

("C:\Program Files\MiKTeX 2.9\tex\latex\graphics\keyval.sty"
Package: keyval 2014/10/28 v1.15 key=value parser (DPC)
\KV@toks@=\toks14
)
("C:\Program Files\MiKTeX 2.9\tex\latex\graphics\graphics.sty"
Package: graphics 2014/10/28 v1.0p Standard LaTeX Graphics (DPC,SPQR)

("C:\Program Files\MiKTeX 2.9\tex\latex\graphics\trig.sty"
Package: trig 1999/03/16 v1.09 sin cos tan (DPC)
)
("C:\Program Files\MiKTeX 2.9\tex\latex\00miktex\graphics.cfg"
File: graphics.cfg 2007/01/18 v1.5 graphics configuration of teTeX/TeXLive
)
Package graphics Info: Driver file: pdftex.def on input line 91.

("C:\Program Files\MiKTeX 2.9\tex\latex\pdftex-def\pdftex.def"
File: pdftex.def 2011/05/27 v0.06d Graphics/color for pdfTeX

("C:\Program Files\MiKTeX 2.9\tex\generic\oberdiek\infwarerr.sty"
Package: infwarerr 2010/04/08 v1.3 Providing info/warning/error messages (HO)
)
("C:\Program Files\MiKTeX 2.9\tex\generic\oberdiek\ltxcmds.sty"
Package: ltxcmds 2011/11/09 v1.22 LaTeX kernel commands for general use (HO)
)
\Gread@gobject=\count88
))
\Gin@req@height=\dimen103
\Gin@req@width=\dimen104
)
("C:\Program Files\MiKTeX 2.9\tex\latex\fancyhdr\fancyhdr.sty"
\fancy@headwidth=\skip43
\f@ncyO@elh=\skip44
\f@ncyO@erh=\skip45
\f@ncyO@olh=\skip46
\f@ncyO@orh=\skip47
\f@ncyO@elf=\skip48
\f@ncyO@erf=\skip49
\f@ncyO@olf=\skip50
\f@ncyO@orf=\skip51
)
("C:\Program Files\MiKTeX 2.9\tex\latex\amsmath\amsmath.sty"
Package: amsmath 2013/01/14 v2.14 AMS math features
\@mathmargin=\skip52

For additional information on amsmath, use the `?' option.
("C:\Program Files\MiKTeX 2.9\tex\latex\amsmath\amstext.sty"
Package: amstext 2000/06/29 v2.01

("C:\Program Files\MiKTeX 2.9\tex\latex\amsmath\amsgen.sty"
File: amsgen.sty 1999/11/30 v2.0
\@emptytoks=\toks15
\ex@=\dimen105
))
("C:\Program Files\MiKTeX 2.9\tex\latex\amsmath\amsbsy.sty"
Package: amsbsy 1999/11/29 v1.2d
\pmbraise@=\dimen106
)
("C:\Program Files\MiKTeX 2.9\tex\latex\amsmath\amsopn.sty"
Package: amsopn 1999/12/14 v2.01 operator names
)
\inf@bad=\count89
LaTeX Info: Redefining \frac on input line 210.
\uproot@=\count90
\leftroot@=\count91
LaTeX Info: Redefining \overline on input line 306.
\classnum@=\count92
\DOTSCASE@=\count93
LaTeX Info: Redefining \ldots on input line 378.
LaTeX Info: Redefining \dots on input line 381.
LaTeX Info: Redefining \cdots on input line 466.
\Mathstrutbox@=\box26
\strutbox@=\box27
\big@size=\dimen107
LaTeX Font Info:    Redeclaring font encoding OML on input line 566.
LaTeX Font Info:    Redeclaring font encoding OMS on input line 567.
\macc@depth=\count94
\c@MaxMatrixCols=\count95
\dotsspace@=\muskip10
\c@parentequation=\count96
\dspbrk@lvl=\count97
\tag@help=\toks16
\row@=\count98
\column@=\count99
\maxfields@=\count100
\andhelp@=\toks17
\eqnshift@=\dimen108
\alignsep@=\dimen109
\tagshift@=\dimen110
\tagwidth@=\dimen111
\totwidth@=\dimen112
\lineht@=\dimen113
\@envbody=\toks18
\multlinegap=\skip53
\multlinetaggap=\skip54
\mathdisplay@stack=\toks19
LaTeX Info: Redefining \[ on input line 2665.
LaTeX Info: Redefining \] on input line 2666.
)
("C:\Program Files\MiKTeX 2.9\tex\latex\amsfonts\amssymb.sty"
Package: amssymb 2013/01/14 v3.01 AMS font symbols

("C:\Program Files\MiKTeX 2.9\tex\latex\amsfonts\amsfonts.sty"
Package: amsfonts 2013/01/14 v3.01 Basic AMSFonts support
\symAMSa=\mathgroup4
\symAMSb=\mathgroup5
LaTeX Font Info:    Overwriting math alphabet `\mathfrak' in version `bold'
(Font)                  U/euf/m/n --> U/euf/b/n on input line 106.
))
("C:\Program Files\MiKTeX 2.9\tex\latex\standalone\standalone.sty"
Package: standalone 2015/07/15 v1.2 Package to include TeX sub-files with pream
bles

("C:\Program Files\MiKTeX 2.9\tex\generic\oberdiek\ifluatex.sty"
Package: ifluatex 2010/03/01 v1.3 Provides the ifluatex switch (HO)
Package ifluatex Info: LuaTeX not detected.
)
("C:\Program Files\MiKTeX 2.9\tex\generic\oberdiek\ifpdf.sty"
Package: ifpdf 2011/01/30 v2.3 Provides the ifpdf switch (HO)
Package ifpdf Info: pdfTeX in PDF mode is detected.
)
("C:\Program Files\MiKTeX 2.9\tex\generic\ifxetex\ifxetex.sty"
Package: ifxetex 2010/09/12 v0.6 Provides ifxetex conditional
)
("C:\Program Files\MiKTeX 2.9\tex\latex\xkeyval\xkeyval.sty"
Package: xkeyval 2014/12/03 v2.7a package option processing (HA)

("C:\Program Files\MiKTeX 2.9\tex\generic\xkeyval\xkeyval.tex"
("C:\Program Files\MiKTeX 2.9\tex\generic\xkeyval\xkvutils.tex"
\XKV@toks=\toks20
\XKV@tempa@toks=\toks21
)
\XKV@depth=\count101
File: xkeyval.tex 2014/12/03 v2.7a key=value parser (HA)
))
("C:\Program Files\MiKTeX 2.9\tex\latex\currfile\currfile.sty"
Package: currfile 2013/02/01 v0.7b Provides the file path elements of the curre
nt input file

("C:\Program Files\MiKTeX 2.9\tex\latex\oberdiek\kvoptions.sty"
Package: kvoptions 2011/06/30 v3.11 Key value format for package options (HO)

("C:\Program Files\MiKTeX 2.9\tex\generic\oberdiek\kvsetkeys.sty"
Package: kvsetkeys 2012/04/25 v1.16 Key value parser (HO)

("C:\Program Files\MiKTeX 2.9\tex\generic\oberdiek\etexcmds.sty"
Package: etexcmds 2011/02/16 v1.5 Avoid name clashes with e-TeX commands (HO)
Package etexcmds Info: Could not find \expanded.
(etexcmds)             That can mean that you are not using pdfTeX 1.50 or
(etexcmds)             that some package has redefined \expanded.
(etexcmds)             In the latter case, load this package earlier.
)))
("C:\Program Files\MiKTeX 2.9\tex\latex\filehook\filehook.sty"
Package: filehook 2011/10/12 v0.5d Hooks for input files
)
\c@currfiledepth=\count102
)
("C:\Program Files\MiKTeX 2.9\tex\latex\gincltex\gincltex.sty"
("C:\Program Files\MiKTeX 2.9\tex\latex\svn-prov\svn-prov.sty"
Package: svn-prov 2010/04/24 v3.1862 Package Date/Version from SVN Keywords
)
Package: gincltex 2011/09/04 v0.3 Include external LaTeX files like graphics

("C:\Program Files\MiKTeX 2.9\tex\latex\adjustbox\adjustbox.sty"
Package: adjustbox 2012/05/21 v1.0 Adjusting TeX boxes (trim, clip, ...)

("C:\Program Files\MiKTeX 2.9\tex\latex\adjustbox\adjcalc.sty"
Package: adjcalc 2012/05/16 v1.1 Provides advanced setlength with multiple back
-ends (calc, etex, pgfmath)
)
("C:\Program Files\MiKTeX 2.9\tex\latex\adjustbox\trimclip.sty"
Package: trimclip 2012/05/16 v1.0 Trim and clip general TeX material

("C:\Program Files\MiKTeX 2.9\tex\latex\collectbox\collectbox.sty"
Package: collectbox 2012/05/17 v0.4b Collect macro arguments as boxes
\collectedbox=\box28
)
\tc@llx=\dimen114
\tc@lly=\dimen115
\tc@urx=\dimen116
\tc@ury=\dimen117
Package trimclip Info: Using driver 'tc-pdftex.def'.

("C:\Program Files\MiKTeX 2.9\tex\latex\adjustbox\tc-pdftex.def"
File: tc-pdftex.def 2012/05/13 v1.0 Clipping driver for pdftex
))
\adjbox@Width=\dimen118
\adjbox@Height=\dimen119
\adjbox@Depth=\dimen120
\adjbox@Totalheight=\dimen121

("C:\Program Files\MiKTeX 2.9\tex\latex\ifoddpage\ifoddpage.sty"
Package: ifoddpage 2011/09/13 v1.0 Conditionals for odd/even page detection
\c@checkoddpage=\count103
)
("C:\Program Files\MiKTeX 2.9\tex\latex\ltxmisc\varwidth.sty"
Package: varwidth 2009/03/30 ver 0.92;  Variable-width minipages
\@vwid@box=\box29
\sift@deathcycles=\count104
\@vwid@loff=\dimen122
\@vwid@roff=\dimen123
))
\gincltex@box=\box30
)
("C:\Program Files\MiKTeX 2.9\tex\latex\filemod\filemod-expmin.sty"
Package: filemod-expmin 2011/09/19 v1.2 Get and compare file modification times
 (expandable; minimal)
))
(C:\Users\s155340\AppData\Roaming\MiKTeX\2.9\tex\latex\import\import.sty
Package: import 2009/03/23  v 5.1
)
("C:\Program Files\MiKTeX 2.9\tex\latex\algorithmicx\algpseudocode.sty"
Package: algpseudocode 

("C:\Program Files\MiKTeX 2.9\tex\latex\base\ifthen.sty"
Package: ifthen 2014/09/29 v1.1c Standard LaTeX ifthen package (DPC)
)
("C:\Program Files\MiKTeX 2.9\tex\latex\algorithmicx\algorithmicx.sty"
Package: algorithmicx 2005/04/27 v1.2 Algorithmicx

Document Style algorithmicx 1.2 - a greatly improved `algorithmic' style
\c@ALG@line=\count105
\c@ALG@rem=\count106
\c@ALG@nested=\count107
\ALG@tlm=\skip55
\ALG@thistlm=\skip56
\c@ALG@Lnr=\count108
\c@ALG@blocknr=\count109
\c@ALG@storecount=\count110
\c@ALG@tmpcounter=\count111
\ALG@tmplength=\skip57
)
Document Style - pseudocode environments for use with the `algorithmicx' style
)

Package Fancyhdr Warning: \fancyhead's `E' option without twoside option is use
less on input line 27.


Package Fancyhdr Warning: \fancyhead's `E' option without twoside option is use
less on input line 28.


Package Fancyhdr Warning: \fancyfoot's `E' option without twoside option is use
less on input line 29.


Package Fancyhdr Warning: \fancyfoot's `E' option without twoside option is use
less on input line 30.

("C:\Program Files\MiKTeX 2.9\tex\latex\geometry\geometry.sty"
Package: geometry 2010/09/12 v5.6 Page Geometry

("C:\Program Files\MiKTeX 2.9\tex\generic\oberdiek\ifvtex.sty"
Package: ifvtex 2010/03/01 v1.5 Detect VTeX and its facilities (HO)
Package ifvtex Info: VTeX not detected.
)
\Gm@cnth=\count112
\Gm@cntv=\count113
\c@Gm@tempcnt=\count114
\Gm@bindingoffset=\dimen124
\Gm@wd@mp=\dimen125
\Gm@odd@mp=\dimen126
\Gm@even@mp=\dimen127
\Gm@layoutwidth=\dimen128
\Gm@layoutheight=\dimen129
\Gm@layouthoffset=\dimen130
\Gm@layoutvoffset=\dimen131
\Gm@dimlist=\toks22

("C:\Program Files\MiKTeX 2.9\tex\latex\geometry\geometry.cfg"))
("C:\Program Files\MiKTeX 2.9\tex\latex\float\float.sty"
Package: float 2001/11/08 v1.3d Float enhancements (AL)
\c@float@type=\count115
\float@exts=\toks23
\float@box=\box31
\@float@everytoks=\toks24
\@floatcapt=\box32
)
("C:\Program Files\MiKTeX 2.9\tex\latex\caption\subcaption.sty"
Package: subcaption 2013/02/03 v1.1-62 Sub-captions (AR)

("C:\Program Files\MiKTeX 2.9\tex\latex\caption\caption.sty"
Package: caption 2013/05/02 v3.3-89 Customizing captions (AR)

("C:\Program Files\MiKTeX 2.9\tex\latex\caption\caption3.sty"
Package: caption3 2013/05/02 v1.6-88 caption3 kernel (AR)
Package caption3 Info: TeX engine: e-TeX on input line 57.
\captionmargin=\dimen132
\captionmargin@=\dimen133
\captionwidth=\dimen134
\caption@tempdima=\dimen135
\caption@indent=\dimen136
\caption@parindent=\dimen137
\caption@hangindent=\dimen138
)
\c@ContinuedFloat=\count116
Package caption Info: float package is loaded.
)
\c@subfigure=\count117
\c@subtable=\count118
) (final.aux)
LaTeX Font Info:    Checking defaults for OML/cmm/m/it on input line 58.
LaTeX Font Info:    ... okay on input line 58.
LaTeX Font Info:    Checking defaults for T1/cmr/m/n on input line 58.
LaTeX Font Info:    ... okay on input line 58.
LaTeX Font Info:    Checking defaults for OT1/cmr/m/n on input line 58.
LaTeX Font Info:    ... okay on input line 58.
LaTeX Font Info:    Checking defaults for OMS/cmsy/m/n on input line 58.
LaTeX Font Info:    ... okay on input line 58.
LaTeX Font Info:    Checking defaults for OMX/cmex/m/n on input line 58.
LaTeX Font Info:    ... okay on input line 58.
LaTeX Font Info:    Checking defaults for U/cmr/m/n on input line 58.
LaTeX Font Info:    ... okay on input line 58.

("C:\Program Files\MiKTeX 2.9\tex\context\base\supp-pdf.mkii"
[Loading MPS to PDF converter (version 2006.09.02).]
\scratchcounter=\count119
\scratchdimen=\dimen139
\scratchbox=\box33
\nofMPsegments=\count120
\nofMParguments=\count121
\everyMPshowfont=\toks25
\MPscratchCnt=\count122
\MPscratchDim=\dimen140
\MPnumerator=\count123
\makeMPintoPDFobject=\count124
\everyMPtoPDFconversion=\toks26
)
*geometry* driver: auto-detecting
*geometry* detected driver: pdftex
*geometry* verbose mode - [ preamble ] result:
* driver: pdftex
* paper: a4paper
* layout: <same size as paper>
* layoutoffset:(h,v)=(0.0pt,0.0pt)
* modes: 
* h-part:(L,W,R)=(72.26999pt, 452.9679pt, 72.26999pt)
* v-part:(T,H,B)=(72.26999pt, 700.50687pt, 72.26999pt)
* \paperwidth=597.50787pt
* \paperheight=845.04684pt
* \textwidth=452.9679pt
* \textheight=700.50687pt
* \oddsidemargin=0.0pt
* \evensidemargin=0.0pt
* \topmargin=-45.0pt
* \headheight=20.0pt
* \headsep=25.0pt
* \topskip=11.0pt
* \footskip=50.0pt
* \marginparwidth=54.2025pt
* \marginparsep=10.0pt
* \columnsep=10.0pt
* \skip\footins=10.0pt plus 4.0pt minus 2.0pt
* \hoffset=0.0pt
* \voffset=0.0pt
* \mag=1000
* \@twocolumnfalse
* \@twosidefalse
* \@mparswitchfalse
* \@reversemarginfalse
* (1in=72.27pt=25.4mm, 1cm=28.453pt)

Package caption Info: Begin \AtBeginDocument code.
Package caption Info: End \AtBeginDocument code.
LaTeX Font Info:    Try loading font information for U+msa on input line 59.
("C:\Program Files\MiKTeX 2.9\tex\latex\amsfonts\umsa.fd"
File: umsa.fd 2013/01/14 v3.01 AMS symbols A
)
LaTeX Font Info:    Try loading font information for U+msb on input line 59.

("C:\Program Files\MiKTeX 2.9\tex\latex\amsfonts\umsb.fd"
File: umsb.fd 2013/01/14 v3.01 AMS symbols B
) [1

{C:/Users/s155340/AppData/Local/MiKTeX/2.9/pdftex/config/pdftex.map}] (final.to
c

Package Fancyhdr Warning: \fancyhead's `E' option without twoside option is use
less on input line 58.


Package Fancyhdr Warning: \fancyhead's `E' option without twoside option is use
less on input line 58.


Package Fancyhdr Warning: \fancyfoot's `E' option without twoside option is use
less on input line 58.


Package Fancyhdr Warning: \fancyfoot's `E' option without twoside option is use
less on input line 58.

[1

])
\tf@toc=\write3
 [2]
Chapter 1.

Underfull \hbox (badness 10000) in paragraph at lines 67--70

 []


Package Fancyhdr Warning: \fancyhead's `E' option without twoside option is use
less on input line 73.


Package Fancyhdr Warning: \fancyhead's `E' option without twoside option is use
less on input line 73.


Package Fancyhdr Warning: \fancyfoot's `E' option without twoside option is use
less on input line 73.


Package Fancyhdr Warning: \fancyfoot's `E' option without twoside option is use
less on input line 73.

[3

]
Chapter 2.
(Workplan/Workplan.tex
Underfull \hbox (badness 10000) in paragraph at lines 62--63

 []


Underfull \hbox (badness 10000) in paragraph at lines 76--77

 []


Underfull \hbox (badness 10000) in paragraph at lines 104--105

 []


Package Fancyhdr Warning: \fancyhead's `E' option without twoside option is use
less on input line 105.


Package Fancyhdr Warning: \fancyhead's `E' option without twoside option is use
less on input line 105.


Package Fancyhdr Warning: \fancyfoot's `E' option without twoside option is use
less on input line 105.


Package Fancyhdr Warning: \fancyfoot's `E' option without twoside option is use
less on input line 105.

[4

]
Underfull \hbox (badness 10000) in paragraph at lines 119--120

 []


Underfull \hbox (badness 10000) in paragraph at lines 133--134

 []

[5]
Underfull \hbox (badness 10000) in paragraph at lines 218--219

 []

) [6]
Chapter 3.
("Machine Design/MachineDesign.tex"
LaTeX Font Info:    Try loading font information for OMS+cmr on input line 68.

("C:\Program Files\MiKTeX 2.9\tex\latex\base\omscmr.fd"
File: omscmr.fd 2014/09/29 v2.5h Standard LaTeX font definitions
)
LaTeX Font Info:    Font shape `OMS/cmr/m/n' in size <10.95> not available
(Font)              Font shape `OMS/cmsy/m/n' tried instead on input line 68.


Package Fancyhdr Warning: \fancyhead's `E' option without twoside option is use
less on input line 86.


Package Fancyhdr Warning: \fancyhead's `E' option without twoside option is use
less on input line 86.


Package Fancyhdr Warning: \fancyfoot's `E' option without twoside option is use
less on input line 86.


Package Fancyhdr Warning: \fancyfoot's `E' option without twoside option is use
less on input line 86.

[7

] <"Machine Design/"front.png, id=35, 490.2315pt x 333.04425pt>
File: "Machine Design/"front.png Graphic file (type png)

<use "Machine Design/"front.png>
Package pdftex.def Info: "Machine Design/"front.png used on input line 104.
(pdftex.def)             Requested size: 227.62204pt x 154.64037pt.

Overfull \hbox (1.13809pt too wide) in paragraph at lines 104--105
 [][] 
 []

<"Machine Design/"top.png, id=37, 632.3625pt x 464.937pt>
File: "Machine Design/"top.png Graphic file (type png)

<use "Machine Design/"top.png>
Package pdftex.def Info: "Machine Design/"top.png used on input line 109.
(pdftex.def)             Requested size: 227.62204pt x 167.3559pt.

Overfull \hbox (1.13809pt too wide) in paragraph at lines 109--110
 [][] 
 []


Overfull \hbox (2.43333pt too wide) in paragraph at lines 102--112
[]$[]$ $[]$ 
 []

<"Machine Design/"frontnew.png, id=38, 387.24675pt x 251.7405pt>
File: "Machine Design/"frontnew.png Graphic file (type png)

<use "Machine Design/"frontnew.png>
Package pdftex.def Info: "Machine Design/"frontnew.png used on input line 117.
(pdftex.def)             Requested size: 256.0748pt x 166.47957pt.
 [8 <./Machine Design/front.png> <./Machine Design/top.png>]
<"Machine Design/"machinedesign.png, id=44, 589.20125pt x 523.9575pt>
File: "Machine Design/"machinedesign.png Graphic file (type png)

<use "Machine Design/"machinedesign.png>
Package pdftex.def Info: "Machine Design/"machinedesign.png used on input line 
155.
(pdftex.def)             Requested size: 355.65944pt x 316.27972pt.
 [9 <./Machine Design/frontnew.png>]
[10 <./Machine Design/machinedesign.png>]
Missing character: There is no ‚ in font cmr10!
Missing character: There is no Ä in font cmr10!
Missing character: There is no ô in font cmr10!
Missing character: There is no ‚ in font cmr10!
Missing character: There is no Ä in font cmr10!
Missing character: There is no ô in font cmr10!
 [11] [12]
<"Machine Design/"BrickButtons.png, id=59, 331.2375pt x 331.2375pt>
File: "Machine Design/"BrickButtons.png Graphic file (type png)

<use "Machine Design/"BrickButtons.png>
Package pdftex.def Info: "Machine Design/"BrickButtons.png used on input line 2
90.
(pdftex.def)             Requested size: 170.71652pt x 170.71304pt.
) [13 <./Machine Design/BrickButtons.png>]
Chapter 4.
("Software Specification/SoftwareSpecification.tex"

Package Fancyhdr Warning: \fancyhead's `E' option without twoside option is use
less on input line 70.


Package Fancyhdr Warning: \fancyhead's `E' option without twoside option is use
less on input line 70.


Package Fancyhdr Warning: \fancyfoot's `E' option without twoside option is use
less on input line 70.


Package Fancyhdr Warning: \fancyfoot's `E' option without twoside option is use
less on input line 70.

[14

]
Overfull \hbox (29.1368pt too wide) in paragraph at lines 73--74
\OT1/cmr/m/n/10.95 This mode can be ac-cessed by press-ing the mid-dle but-ton 
in the mode se-lec-tion state (START/PAUZE)
 []

Missing character: There is no ‚ in font cmr10!
Missing character: There is no Ä in font cmr10!
Missing character: There is no ú in font cmr10!
Missing character: There is no ‚ in font cmr10!
Missing character: There is no Ä in font cmr10!
Missing character: There is no ù in font cmr10!
Missing character: There is no ‚ in font cmr10!
Missing character: There is no Ä in font cmr10!
Missing character: There is no ú in font cmr10!
Missing character: There is no ‚ in font cmr10!
Missing character: There is no Ä in font cmr10!
Missing character: There is no ù in font cmr10!
[15] <"Software Specification/"statemachine.png, id=73, 931.48pt x 600.2425pt>
File: "Software Specification/"statemachine.png Graphic file (type png)

<use "Software Specification/"statemachine.png>
Package pdftex.def Info: "Software Specification/"statemachine.png used on inpu
t line 101.
(pdftex.def)             Requested size: 398.33858pt x 256.68877pt.
 [16]
Overfull \hbox (21.27498pt too wide) in paragraph at lines 109--126
[][] 
 []

<"Software Specification/"mainprocess.png, id=77, 1122.1925pt x 772.8875pt>
File: "Software Specification/"mainprocess.png Graphic file (type png)

<use "Software Specification/"mainprocess.png>
Package pdftex.def Info: "Software Specification/"mainprocess.png used on input
 line 133.
(pdftex.def)             Requested size: 426.79134pt x 293.93616pt.
 [17 <./Software Specification/statemachine.png>] [18 <./Software Specification
/mainprocess.png>] [19]
<"Software Specification/"processcolorsensor.png, id=91, 161.60374pt x 283.0575
pt>
File: "Software Specification/"processcolorsensor.png Graphic file (type png)
 <use "Software Specification/"processcolorsensor.png>
Package pdftex.def Info: "Software Specification/"processcolorsensor.png used o
n input line 175.
(pdftex.def)             Requested size: 89.34592pt x 156.49014pt.

Overfull \hbox (44.04637pt too wide) in paragraph at lines 175--176
 [][] 
 []

<"Software Specification/"processmotor.png, id=92, 281.05pt x 247.92625pt>
File: "Software Specification/"processmotor.png Graphic file (type png)

<use "Software Specification/"processmotor.png>
Package pdftex.def Info: "Software Specification/"processmotor.png used on inpu
t line 181.
(pdftex.def)             Requested size: 177.39693pt x 156.49014pt.

Overfull \hbox (41.50519pt too wide) in paragraph at lines 181--182
 [][] 
 []


<"Software Specification/"processgyrosensor.png, id=93, 279.0425pt x 266.9975pt
>
File: "Software Specification/"processgyrosensor.png Graphic file (type png)
 <use "Software Specification/"processgyrosensor.png>
Package pdftex.def Info: "Software Specification/"processgyrosensor.png used on
 input line 187.
(pdftex.def)             Requested size: 163.55641pt x 156.49014pt.

Overfull \hbox (27.66467pt too wide) in paragraph at lines 187--188
 [][] 
 []

<"Software Specification/"processbuttons.png, id=94, 292.09125pt x 140.525pt>
File: "Software Specification/"processbuttons.png Graphic file (type png)

<use "Software Specification/"processbuttons.png>
Package pdftex.def Info: "Software Specification/"processbuttons.png used on in
put line 193.
(pdftex.def)             Requested size: 177.42216pt x 85.35826pt.

<"Software Specification/"processtimer.png, id=95, 262.9825pt x 120.45pt>
File: "Software Specification/"processtimer.png Graphic file (type png)

<use "Software Specification/"processtimer.png>
Package pdftex.def Info: "Software Specification/"processtimer.png used on inpu
t line 199.
(pdftex.def)             Requested size: 186.36975pt x 85.35826pt.

<"Software Specification/"processpauselistener.png, id=96, 151.56625pt x 192.72
pt>
File: "Software Specification/"processpauselistener.png Graphic file (type png)

 <use "Software Specification/"processpauselistener.png>
Package pdftex.def Info: "Software Specification/"processpauselistener.png used
 on input line 205.
(pdftex.def)             Requested size: 111.88435pt x 142.26378pt.

<"Software Specification/"processresetlistener.png, id=97, 141.52875pt x 171.64
125pt>
File: "Software Specification/"processresetlistener.png Graphic file (type png)

 <use "Software Specification/"processresetlistener.png>
Package pdftex.def Info: "Software Specification/"processresetlistener.png used
 on input line 211.
(pdftex.def)             Requested size: 117.30469pt x 142.26378pt.
 [20] [21 <./Software Specification/processcolorsensor.png> <./Software Specifi
cation/processmotor.png> <./Software Specification/processgyrosensor.png> <./So
ftware Specification/processbuttons.png> <./Software Specification/processtimer
.png> <./Software Specification/processpauselistener.png> <./Software Specifica
tion/processresetlistener.png>]
Underfull \hbox (badness 10000) in paragraph at lines 251--253

 []

) [22]
Chapter 5.
("Software Design/software design.tex"
<"Software Design/"classdiagram.png, id=114, 735.74875pt x 546.04pt>
File: "Software Design/"classdiagram.png Graphic file (type png)

<use "Software Design/"classdiagram.png>
Package pdftex.def Info: "Software Design/"classdiagram.png used on input line 
68.
(pdftex.def)             Requested size: 404.66306pt x 300.32292pt.


Package Fancyhdr Warning: \fancyhead's `E' option without twoside option is use
less on input line 73.


Package Fancyhdr Warning: \fancyhead's `E' option without twoside option is use
less on input line 73.


Package Fancyhdr Warning: \fancyfoot's `E' option without twoside option is use
less on input line 73.


Package Fancyhdr Warning: \fancyfoot's `E' option without twoside option is use
less on input line 73.

[23

]
Missing character: There is no ‚ in font cmr10!
Missing character: There is no Ä in font cmr10!
Missing character: There is no ô in font cmr10!
 [24 <./Software Design/classdiagram.png>] [25]
Missing character: There is no ‚ in font cmr10!
Missing character: There is no Ä in font cmr10!
Missing character: There is no ô in font cmr10!
 [26]) [27]
Chapter 6.
("Software Implementation/software implementation.tex"
Underfull \hbox (badness 10000) in paragraph at lines 66--68

 []


Underfull \hbox (badness 10000) in paragraph at lines 81--83

 []


Underfull \hbox (badness 10000) in paragraph at lines 81--83

 []


Package Fancyhdr Warning: \fancyhead's `E' option without twoside option is use
less on input line 87.


Package Fancyhdr Warning: \fancyhead's `E' option without twoside option is use
less on input line 87.


Package Fancyhdr Warning: \fancyfoot's `E' option without twoside option is use
less on input line 87.


Package Fancyhdr Warning: \fancyfoot's `E' option without twoside option is use
less on input line 87.

[28

]
Underfull \hbox (badness 10000) in paragraph at lines 88--91

 []


Underfull \hbox (badness 10000) in paragraph at lines 94--97

 []


Underfull \hbox (badness 10000) in paragraph at lines 102--105

 []

Missing character: There is no ‚ in font cmr10!
Missing character: There is no Ä in font cmr10!
Missing character: There is no ò in font cmr10!
Missing character: There is no ‚ in font cmr10!
Missing character: There is no Ä in font cmr10!
Missing character: There is no ô in font cmr10!
[29]) [30] [31]
Chapter 7.
("Testing _ Validating/V2 System Validation _ Testing.tex"
Missing character: There is no ‚ in font cmr10!
Missing character: There is no Ä in font cmr10!
Missing character: There is no ò in font cmr10!
Missing character: There is no ‚ in font cmr10!
Missing character: There is no Ä in font cmr10!
Missing character: There is no ô in font cmr10!


Package Fancyhdr Warning: \fancyhead's `E' option without twoside option is use
less on input line 70.


Package Fancyhdr Warning: \fancyhead's `E' option without twoside option is use
less on input line 70.


Package Fancyhdr Warning: \fancyfoot's `E' option without twoside option is use
less on input line 70.


Package Fancyhdr Warning: \fancyfoot's `E' option without twoside option is use
less on input line 70.

[32

] [33]
Missing character: There is no ‚ in font cmr10!
Missing character: There is no Ä in font cmr10!
Missing character: There is no ò in font cmr10!
Missing character: There is no ‚ in font cmr10!
Missing character: There is no Ä in font cmr10!
Missing character: There is no ô in font cmr10!
Missing character: There is no ‚ in font cmr10!
Missing character: There is no Ä in font cmr10!
Missing character: There is no ò in font cmr10!
Missing character: There is no ‚ in font cmr10!
Missing character: There is no Ä in font cmr10!
Missing character: There is no ô in font cmr10!
Missing character: There is no ‚ in font cmr10!
Missing character: There is no Ä in font cmr10!
Missing character: There is no ô in font cmr10!
Missing character: There is no ‚ in font cmr10!
Missing character: There is no Ä in font cmr10!
Missing character: There is no ô in font cmr10!
 [34]
Overfull \hbox (6.23262pt too wide) in paragraph at lines 152--155
\OT1/cmr/bx/n/10.95 A$\OT1/cmr/m/n/10.95 []$ \OT1/cmr/bx/n/10.95 (Pro-cess-Rein
-hard.paused or Pro-cess-Rein-hard.peripheral[] re-set) im-ply (Pro-
 []

Missing character: There is no ‚ in font cmr10!
Missing character: There is no Ä in font cmr10!
Missing character: There is no ô in font cmr10!
) [35] [36]
Chapter 8.

Package Fancyhdr Warning: \fancyhead's `E' option without twoside option is use
less on input line 95.


Package Fancyhdr Warning: \fancyhead's `E' option without twoside option is use
less on input line 95.


Package Fancyhdr Warning: \fancyfoot's `E' option without twoside option is use
less on input line 95.


Package Fancyhdr Warning: \fancyfoot's `E' option without twoside option is use
less on input line 95.

[37

] (final.aux) ) 
Here is how much of TeX's memory you used:
 5878 strings out of 495232
 89613 string characters out of 3180855
 162939 words of memory out of 3000000
 8932 multiletter control sequences out of 15000+200000
 17350 words of font info for 65 fonts, out of 3000000 for 9000
 54 hyphenation exceptions out of 8191
 65i,11n,100p,1269b,583s stack positions out of 5000i,500n,10000p,200000b,50000s
<C:/Program Files/MiKTeX 2.9/fonts/type1/public/amsfonts/cm/cmbx
10.pfb><C:/Program Files/MiKTeX 2.9/fonts/type1/public/amsfonts/cm/cmbx12.pfb><
C:/Program Files/MiKTeX 2.9/fonts/type1/public/amsfonts/cm/cmmi10.pfb><C:/Progr
am Files/MiKTeX 2.9/fonts/type1/public/amsfonts/cm/cmr10.pfb><C:/Program Files/
MiKTeX 2.9/fonts/type1/public/amsfonts/cm/cmr12.pfb><C:/Program Files/MiKTeX 2.
9/fonts/type1/public/amsfonts/cm/cmr6.pfb><C:/Program Files/MiKTeX 2.9/fonts/ty
pe1/public/amsfonts/cm/cmr8.pfb><C:/Program Files/MiKTeX 2.9/fonts/type1/public
/amsfonts/cm/cmr9.pfb><C:/Program Files/MiKTeX 2.9/fonts/type1/public/amsfonts/
cm/cmssbx10.pfb><C:/Program Files/MiKTeX 2.9/fonts/type1/public/amsfonts/cm/cms
y10.pfb><C:/Program Files/MiKTeX 2.9/fonts/type1/public/amsfonts/cm/cmti10.pfb>
<C:/Program Files/MiKTeX 2.9/fonts/type1/public/amsfonts/cm/cmtt12.pfb>
Output written on final.pdf (38 pages, 612415 bytes).
PDF statistics:
 204 PDF objects out of 1000 (max. 8388607)
 0 named destinations out of 1000 (max. 500000)
 76 words of extra memory for PDF output out of 10000 (max. 10000000)

