INFO  2016-03-11 09:45:49,892 (Saros.java:220) Starting Saros 14.10.31 running:
  Java Version: 1.8.0_73
  Java Vendor: Oracle Corporation
  Eclipse Runtime Version: 3.11.1.v20150903-1804
  Operating System: Windows 8.1 (6.3)
  Hardware Architecture: amd64
INFO  2016-03-11 09:45:49,916 (SarosContext.java:153) creating Saros runtime context...
DEBUG 2016-03-11 09:45:49,947 (XMPPAccountStore.java:117) loading accounts from file: C:\Users\s155340\.saros\config.dat
DEBUG 2016-03-11 09:45:50,100 (XMPPAccountStore.java:176) loaded 1 account(s)
INFO  2016-03-11 09:45:50,234 (SarosContext.java:199) successfully created Saros runtime context
DEBUG 2016-03-11 09:45:50,251 (DataTransferManager.java:467) used transport order for the current XMPP connection: [XMPP-Socks5-Transport, XMPP-IBB-Transport]
INFO  2016-03-11 09:45:50,276 (PreferenceInitializer.java:50) initializing preference default values
DEBUG 2016-03-11 09:45:50,318 (SarosAnnotation.java:117) resetting annotation colors
DEBUG 2016-03-11 09:45:50,471 (Saros.java:264) autogenerated favorite color id is: 2
DEBUG 2016-03-11 09:45:50,472 (Saros.java:430) skipping conversion of old XMPP accounts, because there are already new ones
DEBUG 2016-03-11 09:45:54,575 (WhiteboardManager.java:194) WhiteboardManager instantiated
DEBUG 2016-03-11 09:45:54,592 (DocumentRecord.java:93) Added Node: attr(145768595458779461) name=svg
DEBUG 2016-03-11 09:45:54,665 (XMPPConnectionService.java:439) started Socks5 proxy on port: 7777 [listening on all interfaces]
DEBUG 2016-03-11 09:45:54,752 (XMPPConnectionService.java:459) using autodetected addresses: [145.116.47.79]
DEBUG 2016-03-11 09:45:54,800 (XMPPConnectionService.java:398)  new connection state == CONNECTING
DEBUG 2016-03-11 09:45:55,360 (XMPPConnectionService.java:398) tompeters@saros-con.imp.fu-berlin.de/Saros new connection state == CONNECTED
DEBUG 2016-03-11 09:45:55,360 (DataTransferManager.java:467) used transport order for the current XMPP connection: [XMPP-Socks5-Transport, XMPP-IBB-Transport]
DEBUG 2016-03-11 09:45:55,362 (SkypeManager.java:289) Refreshing Skype username cache...
WARN  2016-03-11 09:46:04,934 (StunServiceImpl.java:420) received no response from STUN server stunserver.org/69.172.201.208:3478 at local address /145.116.47.79:0
DEBUG 2016-03-11 09:50:46,844 (XMPPConnectionService.java:398) tompeters@saros-con.imp.fu-berlin.de/Saros new connection state == DISCONNECTING
DEBUG 2016-03-11 09:50:46,996 (XMPPConnectionService.java:398)  new connection state == NOT_CONNECTED
DEBUG 2016-03-11 09:50:46,997 (UPnPServiceImpl.java:295) deleting existing port mappings
